<?xml version="1.0" encoding="UTF-8"?>
<coverage generated="1701470975147" clover="3.2.0">
  <project timestamp="1701470975147" name="All files">
    <metrics statements="23" coveredstatements="23" conditionals="0" coveredconditionals="0" methods="8" coveredmethods="8" elements="31" coveredelements="31" complexity="0" loc="23" ncloc="23" packages="1" files="2" classes="2"/>
    <file name="movies.tsx" path="C:\Users\Asus\Documents\Laboratoria\Proyecto 5\My-Better-Movie\src\components\movies.tsx">
      <metrics statements="16" coveredstatements="16" conditionals="0" coveredconditionals="0" methods="6" coveredmethods="6"/>
      <line num="1" count="1" type="stmt"/>
      <line num="2" count="1" type="stmt"/>
      <line num="3" count="1" type="stmt"/>
      <line num="12" count="1" type="stmt"/>
      <line num="14" count="1" type="stmt"/>
      <line num="15" count="3" type="stmt"/>
      <line num="16" count="3" type="stmt"/>
      <line num="18" count="3" type="stmt"/>
      <line num="19" count="2" type="stmt"/>
      <line num="21" count="2" type="stmt"/>
      <line num="22" count="2" type="stmt"/>
      <line num="23" count="2" type="stmt"/>
      <line num="27" count="3" type="stmt"/>
      <line num="28" count="2" type="stmt"/>
      <line num="31" count="3" type="stmt"/>
      <line num="34" count="2" type="stmt"/>
    </file>
    <file name="showPaginated.tsx" path="C:\Users\Asus\Documents\Laboratoria\Proyecto 5\My-Better-Movie\src\components\showPaginated.tsx">
      <metrics statements="7" coveredstatements="7" conditionals="0" coveredconditionals="0" methods="2" coveredmethods="2"/>
      <line num="1" count="2" type="stmt"/>
      <line num="2" count="2" type="stmt"/>
      <line num="3" count="2" type="stmt"/>
      <line num="19" count="2" type="stmt"/>
      <line num="20" count="4" type="stmt"/>
      <line num="21" count="1" type="stmt"/>
      <line num="24" count="4" type="stmt"/>
    </file>
  </project>
</coverage>
