{"C:\\Users\\Asus\\Documents\\Laboratoria\\Proyecto 5\\My-Better-Movie\\src\\movies.tsx": {"path":"C:\\Users\\Asus\\Documents\\Laboratoria\\Proyecto 5\\My-Better-Movie\\src\\movies.tsx","statementMap":{"0":{"start":{"line":1,"column":0},"end":{"line":1,"column":51}},"1":{"start":{"line":2,"column":0},"end":{"line":2,"column":59}},"2":{"start":{"line":3,"column":0},"end":{"line":3,"column":41}},"3":{"start":{"line":4,"column":0},"end":{"line":4,"column":51}},"4":{"start":{"line":5,"column":0},"end":{"line":5,"column":56}},"5":{"start":{"line":6,"column":0},"end":{"line":6,"column":60}},"6":{"start":{"line":19,"column":22},"end":{"line":93,"column":3}},"7":{"start":{"line":20,"column":30},"end":{"line":20,"column":51}},"8":{"start":{"line":21,"column":40},"end":{"line":21,"column":51}},"9":{"start":{"line":22,"column":44},"end":{"line":22,"column":81}},"10":{"start":{"line":23,"column":40},"end":{"line":23,"column":58}},"11":{"start":{"line":26,"column":28},"end":{"line":28,"column":3}},"12":{"start":{"line":27,"column":4},"end":{"line":27,"column":30}},"13":{"start":{"line":30,"column":28},"end":{"line":32,"column":3}},"14":{"start":{"line":31,"column":4},"end":{"line":31,"column":29}},"15":{"start":{"line":35,"column":21},"end":{"line":48,"column":3}},"16":{"start":{"line":36,"column":4},"end":{"line":36,"column":null}},"17":{"start":{"line":36,"column":28},"end":{"line":36,"column":null}},"18":{"start":{"line":38,"column":23},"end":{"line":38,"column":204}},"19":{"start":{"line":40,"column":4},"end":{"line":46,"column":null}},"20":{"start":{"line":41,"column":26},"end":{"line":41,"column":41}},"21":{"start":{"line":44,"column":6},"end":{"line":46,"column":68}},"22":{"start":{"line":45,"column":36},"end":{"line":45,"column":66}},"23":{"start":{"line":46,"column":36},"end":{"line":46,"column":66}},"24":{"start":{"line":51,"column":2},"end":{"line":54,"column":55}},"25":{"start":{"line":53,"column":4},"end":{"line":53,"column":54}},"26":{"start":{"line":57,"column":2},"end":{"line":92,"column":null}},"27":{"start":{"line":77,"column":10},"end":{"line":81,"column":null}},"28":{"start":{"line":19,"column":13},"end":{"line":19,"column":22}}},"fnMap":{"0":{"name":"(anonymous_7)","decl":{"start":{"line":19,"column":22},"end":{"line":19,"column":25}},"loc":{"start":{"line":19,"column":27},"end":{"line":93,"column":3}}},"1":{"name":"(anonymous_8)","decl":{"start":{"line":26,"column":28},"end":{"line":26,"column":29}},"loc":{"start":{"line":26,"column":58},"end":{"line":28,"column":3}}},"2":{"name":"(anonymous_9)","decl":{"start":{"line":30,"column":28},"end":{"line":30,"column":29}},"loc":{"start":{"line":30,"column":55},"end":{"line":32,"column":3}}},"3":{"name":"(anonymous_10)","decl":{"start":{"line":35,"column":21},"end":{"line":35,"column":22}},"loc":{"start":{"line":35,"column":103},"end":{"line":48,"column":3}}},"4":{"name":"(anonymous_11)","decl":{"start":{"line":41,"column":12},"end":{"line":41,"column":13}},"loc":{"start":{"line":41,"column":26},"end":{"line":41,"column":41}}},"5":{"name":"(anonymous_12)","decl":{"start":{"line":42,"column":12},"end":{"line":42,"column":13}},"loc":{"start":{"line":44,"column":6},"end":{"line":46,"column":68}}},"6":{"name":"(anonymous_13)","decl":{"start":{"line":45,"column":26},"end":{"line":45,"column":27}},"loc":{"start":{"line":45,"column":36},"end":{"line":45,"column":66}}},"7":{"name":"(anonymous_14)","decl":{"start":{"line":46,"column":26},"end":{"line":46,"column":27}},"loc":{"start":{"line":46,"column":36},"end":{"line":46,"column":66}}},"8":{"name":"(anonymous_15)","decl":{"start":{"line":51,"column":12},"end":{"line":51,"column":15}},"loc":{"start":{"line":51,"column":17},"end":{"line":54,"column":3}}},"9":{"name":"(anonymous_16)","decl":{"start":{"line":76,"column":20},"end":{"line":76,"column":21}},"loc":{"start":{"line":77,"column":10},"end":{"line":81,"column":null}}}},"branchMap":{"0":{"loc":{"start":{"line":36,"column":4},"end":{"line":36,"column":null}},"type":"if","locations":[{"start":{"line":36,"column":4},"end":{"line":36,"column":null}}]},"1":{"loc":{"start":{"line":44,"column":16},"end":{"line":46,"column":67}},"type":"cond-expr","locations":[{"start":{"line":45,"column":8},"end":{"line":45,"column":67}},{"start":{"line":46,"column":8},"end":{"line":46,"column":67}}]}},"s":{"0":1,"1":1,"2":1,"3":1,"4":1,"5":1,"6":1,"7":4,"8":3,"9":3,"10":3,"11":3,"12":0,"13":3,"14":0,"15":3,"16":3,"17":0,"18":3,"19":3,"20":3,"21":3,"22":0,"23":3,"24":3,"25":3,"26":3,"27":2,"28":1},"f":{"0":4,"1":0,"2":0,"3":3,"4":3,"5":3,"6":0,"7":3,"8":3,"9":2},"b":{"0":[0],"1":[0,3]}}
,"C:\\Users\\Asus\\Documents\\Laboratoria\\Proyecto 5\\My-Better-Movie\\src\\components\\alphabeticOrder.tsx": {"path":"C:\\Users\\Asus\\Documents\\Laboratoria\\Proyecto 5\\My-Better-Movie\\src\\components\\alphabeticOrder.tsx","statementMap":{"0":{"start":{"line":1,"column":1},"end":{"line":1,"column":26}},"1":{"start":{"line":2,"column":1},"end":{"line":2,"column":42}},"2":{"start":{"line":21,"column":32},"end":{"line":44,"column":1}},"3":{"start":{"line":22,"column":26},"end":{"line":32,"column":3}},"4":{"start":{"line":23,"column":26},"end":{"line":23,"column":44}},"5":{"start":{"line":25,"column":26},"end":{"line":27,"column":66}},"6":{"start":{"line":26,"column":35},"end":{"line":26,"column":65}},"7":{"start":{"line":27,"column":35},"end":{"line":27,"column":65}},"8":{"start":{"line":30,"column":4},"end":{"line":30,"column":34}},"9":{"start":{"line":31,"column":4},"end":{"line":31,"column":33}},"10":{"start":{"line":34,"column":2},"end":{"line":43,"column":4}},"11":{"start":{"line":21,"column":14},"end":{"line":21,"column":32}}},"fnMap":{"0":{"name":"(anonymous_1)","decl":{"start":{"line":21,"column":32},"end":{"line":21,"column":33}},"loc":{"start":{"line":21,"column":97},"end":{"line":44,"column":1}}},"1":{"name":"(anonymous_2)","decl":{"start":{"line":22,"column":26},"end":{"line":22,"column":27}},"loc":{"start":{"line":22,"column":74},"end":{"line":32,"column":3}}},"2":{"name":"(anonymous_3)","decl":{"start":{"line":26,"column":25},"end":{"line":26,"column":26}},"loc":{"start":{"line":26,"column":35},"end":{"line":26,"column":65}}},"3":{"name":"(anonymous_4)","decl":{"start":{"line":27,"column":25},"end":{"line":27,"column":26}},"loc":{"start":{"line":27,"column":35},"end":{"line":27,"column":65}}}},"branchMap":{"0":{"loc":{"start":{"line":25,"column":26},"end":{"line":27,"column":66}},"type":"cond-expr","locations":[{"start":{"line":26,"column":8},"end":{"line":26,"column":66}},{"start":{"line":27,"column":8},"end":{"line":27,"column":66}}]}},"s":{"0":2,"1":2,"2":2,"3":4,"4":2,"5":2,"6":4,"7":8,"8":2,"9":2,"10":4,"11":2},"f":{"0":4,"1":2,"2":4,"3":8},"b":{"0":[1,1]}}
,"C:\\Users\\Asus\\Documents\\Laboratoria\\Proyecto 5\\My-Better-Movie\\src\\components\\filterGenre.tsx": {"path":"C:\\Users\\Asus\\Documents\\Laboratoria\\Proyecto 5\\My-Better-Movie\\src\\components\\filterGenre.tsx","statementMap":{"0":{"start":{"line":1,"column":0},"end":{"line":1,"column":26}},"1":{"start":{"line":2,"column":0},"end":{"line":2,"column":41}},"2":{"start":{"line":4,"column":17},"end":{"line":11,"column":2}},"3":{"start":{"line":27,"column":28},"end":{"line":50,"column":1}},"4":{"start":{"line":30,"column":28},"end":{"line":38,"column":3}},"5":{"start":{"line":31,"column":28},"end":{"line":31,"column":56}},"6":{"start":{"line":32,"column":4},"end":{"line":32,"column":49}},"7":{"start":{"line":34,"column":27},"end":{"line":36,"column":66}},"8":{"start":{"line":36,"column":31},"end":{"line":36,"column":65}},"9":{"start":{"line":37,"column":4},"end":{"line":37,"column":34}},"10":{"start":{"line":40,"column":2},"end":{"line":49,"column":4}},"11":{"start":{"line":45,"column":10},"end":{"line":45,"column":71}},"12":{"start":{"line":27,"column":13},"end":{"line":27,"column":28}}},"fnMap":{"0":{"name":"(anonymous_1)","decl":{"start":{"line":27,"column":28},"end":{"line":27,"column":29}},"loc":{"start":{"line":27,"column":104},"end":{"line":50,"column":1}}},"1":{"name":"(anonymous_2)","decl":{"start":{"line":30,"column":28},"end":{"line":30,"column":29}},"loc":{"start":{"line":30,"column":76},"end":{"line":38,"column":3}}},"2":{"name":"(anonymous_3)","decl":{"start":{"line":36,"column":22},"end":{"line":36,"column":27}},"loc":{"start":{"line":36,"column":31},"end":{"line":36,"column":65}}},"3":{"name":"(anonymous_4)","decl":{"start":{"line":44,"column":22},"end":{"line":44,"column":27}},"loc":{"start":{"line":45,"column":10},"end":{"line":45,"column":71}}}},"branchMap":{"0":{"loc":{"start":{"line":34,"column":27},"end":{"line":36,"column":66}},"type":"cond-expr","locations":[{"start":{"line":35,"column":8},"end":{"line":35,"column":14}},{"start":{"line":36,"column":8},"end":{"line":36,"column":66}}]},"1":{"loc":{"start":{"line":43,"column":47},"end":{"line":43,"column":66}},"type":"binary-expr","locations":[{"start":{"line":43,"column":47},"end":{"line":43,"column":60}},{"start":{"line":43,"column":64},"end":{"line":43,"column":66}}]}},"s":{"0":2,"1":2,"2":2,"3":2,"4":4,"5":2,"6":2,"7":2,"8":6,"9":2,"10":4,"11":24,"12":2},"f":{"0":4,"1":2,"2":6,"3":24},"b":{"0":[1,1],"1":[4,4]}}
,"C:\\Users\\Asus\\Documents\\Laboratoria\\Proyecto 5\\My-Better-Movie\\src\\components\\movieItem.tsx": {"path":"C:\\Users\\Asus\\Documents\\Laboratoria\\Proyecto 5\\My-Better-Movie\\src\\components\\movieItem.tsx","statementMap":{"0":{"start":{"line":1,"column":0},"end":{"line":1,"column":26}},"1":{"start":{"line":2,"column":0},"end":{"line":2,"column":42}},"2":{"start":{"line":10,"column":21},"end":{"line":10,"column":55}},"3":{"start":{"line":12,"column":51},"end":{"line":24,"column":1}},"4":{"start":{"line":13,"column":2},"end":{"line":23,"column":4}},"5":{"start":{"line":12,"column":13},"end":{"line":12,"column":51}}},"fnMap":{"0":{"name":"(anonymous_1)","decl":{"start":{"line":12,"column":51},"end":{"line":12,"column":52}},"loc":{"start":{"line":12,"column":92},"end":{"line":24,"column":1}}}},"branchMap":{},"s":{"0":1,"1":1,"2":1,"3":1,"4":2,"5":1},"f":{"0":2},"b":{}}
,"C:\\Users\\Asus\\Documents\\Laboratoria\\Proyecto 5\\My-Better-Movie\\src\\components\\showPaginated.tsx": {"path":"C:\\Users\\Asus\\Documents\\Laboratoria\\Proyecto 5\\My-Better-Movie\\src\\components\\showPaginated.tsx","statementMap":{"0":{"start":{"line":1,"column":0},"end":{"line":1,"column":43}},"1":{"start":{"line":2,"column":0},"end":{"line":2,"column":41}},"2":{"start":{"line":3,"column":0},"end":{"line":3,"column":26}},"3":{"start":{"line":20,"column":29},"end":{"line":41,"column":1}},"4":{"start":{"line":21,"column":26},"end":{"line":23,"column":3}},"5":{"start":{"line":22,"column":4},"end":{"line":22,"column":46}},"6":{"start":{"line":25,"column":2},"end":{"line":40,"column":4}},"7":{"start":{"line":20,"column":13},"end":{"line":20,"column":29}}},"fnMap":{"0":{"name":"(anonymous_1)","decl":{"start":{"line":20,"column":29},"end":{"line":20,"column":30}},"loc":{"start":{"line":20,"column":69},"end":{"line":41,"column":1}}},"1":{"name":"(anonymous_2)","decl":{"start":{"line":21,"column":26},"end":{"line":21,"column":27}},"loc":{"start":{"line":21,"column":65},"end":{"line":23,"column":3}}}},"branchMap":{},"s":{"0":2,"1":2,"2":2,"3":2,"4":4,"5":1,"6":4,"7":2},"f":{"0":4,"1":1},"b":{}}
}
