{"C:\\Users\\Asus\\Documents\\Laboratoria\\Proyecto 5\\My-Better-Movie\\src\\components\\movies.tsx": {"path":"C:\\Users\\Asus\\Documents\\Laboratoria\\Proyecto 5\\My-Better-Movie\\src\\components\\movies.tsx","statementMap":{"0":{"start":{"line":1,"column":0},"end":{"line":1,"column":44}},"1":{"start":{"line":2,"column":0},"end":{"line":2,"column":25}},"2":{"start":{"line":3,"column":0},"end":{"line":3,"column":41}},"3":{"start":{"line":4,"column":0},"end":{"line":4,"column":43}},"4":{"start":{"line":15,"column":21},"end":{"line":15,"column":55}},"5":{"start":{"line":17,"column":22},"end":{"line":39,"column":1}},"6":{"start":{"line":19,"column":30},"end":{"line":19,"column":51}},"7":{"start":{"line":20,"column":21},"end":{"line":20,"column":276}},"8":{"start":{"line":22,"column":2},"end":{"line":35,"column":null}},"9":{"start":{"line":23,"column":24},"end":{"line":32,"column":5}},"10":{"start":{"line":24,"column":23},"end":{"line":24,"column":25}},"11":{"start":{"line":25,"column":6},"end":{"line":28,"column":7}},"12":{"start":{"line":25,"column":22},"end":{"line":25,"column":23}},"13":{"start":{"line":26,"column":20},"end":{"line":26,"column":48}},"14":{"start":{"line":27,"column":8},"end":{"line":27,"column":null}},"15":{"start":{"line":27,"column":50},"end":{"line":27,"column":65}},"16":{"start":{"line":29,"column":22},"end":{"line":29,"column":49}},"17":{"start":{"line":30,"column":24},"end":{"line":30,"column":65}},"18":{"start":{"line":30,"column":50},"end":{"line":30,"column":64}},"19":{"start":{"line":31,"column":6},"end":{"line":31,"column":27}},"20":{"start":{"line":34,"column":4},"end":{"line":34,"column":18}},"21":{"start":{"line":37,"column":2},"end":{"line":37,"column":null}},"22":{"start":{"line":17,"column":13},"end":{"line":17,"column":22}},"23":{"start":{"line":41,"column":31},"end":{"line":80,"column":1}},"24":{"start":{"line":42,"column":23},"end":{"line":42,"column":25}},"25":{"start":{"line":43,"column":42},"end":{"line":43,"column":53}},"26":{"start":{"line":44,"column":50},"end":{"line":44,"column":71}},"27":{"start":{"line":45,"column":19},"end":{"line":45,"column":45}},"28":{"start":{"line":47,"column":4},"end":{"line":50,"column":null}},"29":{"start":{"line":48,"column":26},"end":{"line":48,"column":69}},"30":{"start":{"line":49,"column":4},"end":{"line":49,"column":38}},"31":{"start":{"line":52,"column":28},"end":{"line":54,"column":5}},"32":{"start":{"line":53,"column":4},"end":{"line":53,"column":42}},"33":{"start":{"line":56,"column":4},"end":{"line":78,"column":null}},"34":{"start":{"line":59,"column":8},"end":{"line":62,"column":null}},"35":{"start":{"line":41,"column":13},"end":{"line":41,"column":31}}},"fnMap":{"0":{"name":"(anonymous_1)","decl":{"start":{"line":17,"column":22},"end":{"line":17,"column":25}},"loc":{"start":{"line":17,"column":27},"end":{"line":39,"column":1}}},"1":{"name":"(anonymous_2)","decl":{"start":{"line":22,"column":12},"end":{"line":22,"column":15}},"loc":{"start":{"line":22,"column":17},"end":{"line":35,"column":3}}},"2":{"name":"(anonymous_3)","decl":{"start":{"line":23,"column":24},"end":{"line":23,"column":29}},"loc":{"start":{"line":23,"column":35},"end":{"line":32,"column":5}}},"3":{"name":"(anonymous_4)","decl":{"start":{"line":27,"column":38},"end":{"line":27,"column":46}},"loc":{"start":{"line":27,"column":50},"end":{"line":27,"column":65}}},"4":{"name":"(anonymous_5)","decl":{"start":{"line":30,"column":40},"end":{"line":30,"column":46}},"loc":{"start":{"line":30,"column":50},"end":{"line":30,"column":64}}},"5":{"name":"(anonymous_6)","decl":{"start":{"line":41,"column":31},"end":{"line":41,"column":32}},"loc":{"start":{"line":41,"column":51},"end":{"line":80,"column":1}}},"6":{"name":"(anonymous_7)","decl":{"start":{"line":47,"column":14},"end":{"line":47,"column":17}},"loc":{"start":{"line":47,"column":19},"end":{"line":50,"column":5}}},"7":{"name":"(anonymous_8)","decl":{"start":{"line":52,"column":28},"end":{"line":52,"column":29}},"loc":{"start":{"line":52,"column":66},"end":{"line":54,"column":5}}},"8":{"name":"(anonymous_9)","decl":{"start":{"line":58,"column":27},"end":{"line":58,"column":28}},"loc":{"start":{"line":59,"column":8},"end":{"line":62,"column":null}}}},"branchMap":{},"s":{"0":1,"1":1,"2":1,"3":1,"4":1,"5":1,"6":2,"7":2,"8":2,"9":1,"10":1,"11":1,"12":1,"13":100,"14":100,"15":100,"16":1,"17":1,"18":100,"19":1,"20":1,"21":2,"22":1,"23":1,"24":2,"25":2,"26":2,"27":2,"28":2,"29":1,"30":1,"31":2,"32":0,"33":2,"34":0,"35":1},"f":{"0":2,"1":1,"2":1,"3":100,"4":100,"5":2,"6":1,"7":0,"8":0},"b":{}}
}
