TN:
SF:src\components\movies.tsx
FN:14,(anonymous_7)
FN:18,(anonymous_8)
FN:22,(anonymous_9)
FN:23,(anonymous_10)
FN:27,(anonymous_11)
FN:33,(anonymous_12)
FNF:6
FNH:6
FNDA:3,(anonymous_7)
FNDA:2,(anonymous_8)
FNDA:2,(anonymous_9)
FNDA:2,(anonymous_10)
FNDA:2,(anonymous_11)
FNDA:2,(anonymous_12)
DA:1,1
DA:2,1
DA:3,1
DA:12,1
DA:14,1
DA:15,3
DA:16,3
DA:18,3
DA:19,2
DA:21,2
DA:22,2
DA:23,2
DA:27,3
DA:28,2
DA:31,3
DA:34,2
LF:16
LH:16
BRF:0
BRH:0
end_of_record
TN:
SF:src\components\showPaginated.tsx
FN:19,(anonymous_1)
FN:20,(anonymous_2)
FNF:2
FNH:2
FNDA:4,(anonymous_1)
FNDA:1,(anonymous_2)
DA:1,2
DA:2,2
DA:3,2
DA:19,2
DA:20,4
DA:21,1
DA:24,4
LF:7
LH:7
BRF:0
BRH:0
end_of_record
