TN:
SF:src\movies.tsx
FN:19,(anonymous_7)
FN:26,(anonymous_8)
FN:30,(anonymous_9)
FN:35,(anonymous_10)
FN:41,(anonymous_11)
FN:42,(anonymous_12)
FN:45,(anonymous_13)
FN:46,(anonymous_14)
FN:51,(anonymous_15)
FN:63,(anonymous_16)
FNF:10
FNH:7
FNDA:4,(anonymous_7)
FNDA:0,(anonymous_8)
FNDA:0,(anonymous_9)
FNDA:3,(anonymous_10)
FNDA:3,(anonymous_11)
FNDA:3,(anonymous_12)
FNDA:0,(anonymous_13)
FNDA:3,(anonymous_14)
FNDA:3,(anonymous_15)
FNDA:2,(anonymous_16)
DA:1,1
DA:2,1
DA:3,1
DA:4,1
DA:5,1
DA:6,1
DA:19,1
DA:20,4
DA:21,3
DA:22,3
DA:23,3
DA:26,3
DA:27,0
DA:30,3
DA:31,0
DA:35,3
DA:36,3
DA:38,3
DA:40,3
DA:41,3
DA:44,3
DA:45,0
DA:46,3
DA:51,3
DA:53,3
DA:57,3
DA:64,2
LF:27
LH:24
BRDA:36,0,0,0
BRDA:44,1,0,0
BRDA:44,1,1,3
BRF:3
BRH:1
end_of_record
TN:
SF:src\components\alphabeticOrder.tsx
FN:20,(anonymous_1)
FN:21,(anonymous_2)
FN:25,(anonymous_3)
FN:26,(anonymous_4)
FNF:4
FNH:1
FNDA:4,(anonymous_1)
FNDA:0,(anonymous_2)
FNDA:0,(anonymous_3)
FNDA:0,(anonymous_4)
DA:1,2
DA:2,2
DA:20,2
DA:21,4
DA:22,0
DA:24,0
DA:25,0
DA:26,0
DA:29,0
DA:30,0
DA:33,4
LF:11
LH:5
BRDA:24,0,0,0
BRDA:24,0,1,0
BRF:2
BRH:0
end_of_record
TN:
SF:src\components\filterGenre.tsx
FN:27,(anonymous_1)
FN:30,(anonymous_2)
FN:36,(anonymous_3)
FN:44,(anonymous_4)
FNF:4
FNH:4
FNDA:4,(anonymous_1)
FNDA:2,(anonymous_2)
FNDA:6,(anonymous_3)
FNDA:24,(anonymous_4)
DA:1,2
DA:2,2
DA:4,2
DA:27,2
DA:30,4
DA:31,2
DA:32,2
DA:34,2
DA:36,6
DA:37,2
DA:40,4
DA:45,24
LF:12
LH:12
BRDA:34,0,0,1
BRDA:34,0,1,1
BRDA:43,1,0,4
BRDA:43,1,1,4
BRF:4
BRH:4
end_of_record
TN:
SF:src\components\movieItem.tsx
FN:12,(anonymous_1)
FNF:1
FNH:1
FNDA:2,(anonymous_1)
DA:1,1
DA:2,1
DA:10,1
DA:12,1
DA:13,2
LF:5
LH:5
BRF:0
BRH:0
end_of_record
TN:
SF:src\components\showPaginated.tsx
FN:20,(anonymous_1)
FN:21,(anonymous_2)
FNF:2
FNH:2
FNDA:4,(anonymous_1)
FNDA:1,(anonymous_2)
DA:1,2
DA:2,2
DA:3,2
DA:20,2
DA:21,4
DA:22,1
DA:25,4
LF:7
LH:7
BRF:0
BRH:0
end_of_record
